{"uuid":"search-functionality;check-auto-filling-functionality-of-global-search-drop-down-list;;3","historyId":"a4dcf2f0d9ef8b2e10e67eb3e3d5c623","labels":[{"name":"feature","value":"Search functionality"},{"name":"story","value":"Check auto-filling functionality of Global Search drop-down list"},{"name":"host","value":"MacBook-Pro-Apple.local"},{"name":"package","value":"Search functionality"},{"name":"suite","value":"Search functionality"},{"name":"testClass","value":"Check auto-filling functionality of Global Search drop-down list"},{"name":"thread","value":"24883@MacBook-Pro-Apple.local.main(1)"}],"links":[],"name":"Check auto-filling functionality of Global Search drop-down list","status":"failed","statusDetails":{"known":false,"muted":false,"flaky":false,"message":"Cannot find firefox binary in PATH. Make sure firefox is installed. OS appears to be: MAC\nBuild info: version: '3.8.1', revision: '6e95a6684b', time: '2017-12-01T18:33:54.468Z'\nSystem info: host: 'MacBook-Pro-Apple.local', ip: 'fe80:0:0:0:42d:80b8:879e:8854%en0', os.name: 'Mac OS X', os.arch: 'x86_64', os.version: '10.15.6', java.version: '1.8.0_262'\nDriver info: driver.version: FirefoxDriver\nselenide.url: https://google.com/\nselenide.baseUrl: https://google.com/","trace":"org.openqa.selenium.WebDriverException: Cannot find firefox binary in PATH. Make sure firefox is installed. OS appears to be: MAC\nBuild info: version: '3.8.1', revision: '6e95a6684b', time: '2017-12-01T18:33:54.468Z'\nSystem info: host: 'MacBook-Pro-Apple.local', ip: 'fe80:0:0:0:42d:80b8:879e:8854%en0', os.name: 'Mac OS X', os.arch: 'x86_64', os.version: '10.15.6', java.version: '1.8.0_262'\nDriver info: driver.version: FirefoxDriver\nselenide.url: https://google.com/\nselenide.baseUrl: https://google.com/\n\tat org.openqa.selenium.firefox.FirefoxBinary.<init>(FirefoxBinary.java:116)\n\tat java.util.Optional.orElseGet(Optional.java:267)\n\tat org.openqa.selenium.firefox.FirefoxOptions.getBinary(FirefoxOptions.java:218)\n\tat org.openqa.selenium.firefox.FirefoxDriver.toExecutor(FirefoxDriver.java:155)\n\tat org.openqa.selenium.firefox.FirefoxDriver.<init>(FirefoxDriver.java:120)\n\tat com.codeborne.selenide.webdriver.FirefoxDriverFactory.createFirefoxDriver(FirefoxDriverFactory.java:31)\n\tat com.codeborne.selenide.webdriver.FirefoxDriverFactory.create(FirefoxDriverFactory.java:26)\n\tat com.codeborne.selenide.webdriver.WebDriverFactory.lambda$createWebDriver$0(WebDriverFactory.java:51)\n\tat java.util.Optional.map(Optional.java:215)\n\tat com.codeborne.selenide.webdriver.WebDriverFactory.createWebDriver(WebDriverFactory.java:51)\n\tat com.codeborne.selenide.impl.WebDriverThreadLocalContainer.createDriver(WebDriverThreadLocalContainer.java:227)\n\tat com.codeborne.selenide.impl.WebDriverThreadLocalContainer.getAndCheckWebDriver(WebDriverThreadLocalContainer.java:111)\n\tat com.codeborne.selenide.WebDriverRunner.getAndCheckWebDriver(WebDriverRunner.java:135)\n\tat com.codeborne.selenide.impl.Navigator.navigateToAbsoluteUrl(Navigator.java:66)\n\tat com.codeborne.selenide.impl.Navigator.open(Navigator.java:30)\n\tat com.codeborne.selenide.Selenide.open(Selenide.java:79)\n\tat com.codeborne.selenide.Selenide.open(Selenide.java:148)\n\tat com.codeborne.selenide.Selenide.open(Selenide.java:129)\n\tat stepdefs.HomeStepdefs.lambda$new$0(HomeStepdefs.java:22)\n\tat âœ½.Given Home page is opened(search.feature:4)\n"},"stage":"finished","start":1595327162337,"stop":1595327162360,"steps":[{"name":"Hook.configureSetUp()","status":"passed","stage":"finished","start":1595327162337,"stop":1595327162337},{"name":"Given  Home page is opened","status":"failed","stage":"finished","start":1595327162338,"stop":1595327162346},{"name":"When  Enter \"apple juice\" into Global search field","status":"skipped","stage":"finished","start":1595327162347,"stop":1595327162347},{"name":"Then  The values of Global search drop-down list should start with \"apple juice\"","status":"skipped","stage":"finished","start":1595327162348,"stop":1595327162349},{"name":"Hook.tearDown(Scenario)","status":"failed","statusDetails":{"known":false,"muted":false,"flaky":false,"message":"Cannot find firefox binary in PATH. Make sure firefox is installed. OS appears to be: MAC\nBuild info: version: '3.8.1', revision: '6e95a6684b', time: '2017-12-01T18:33:54.468Z'\nSystem info: host: 'MacBook-Pro-Apple.local', ip: 'fe80:0:0:0:42d:80b8:879e:8854%en0', os.name: 'Mac OS X', os.arch: 'x86_64', os.version: '10.15.6', java.version: '1.8.0_262'\nDriver info: driver.version: FirefoxDriver","trace":"org.openqa.selenium.WebDriverException: Cannot find firefox binary in PATH. Make sure firefox is installed. OS appears to be: MAC\nBuild info: version: '3.8.1', revision: '6e95a6684b', time: '2017-12-01T18:33:54.468Z'\nSystem info: host: 'MacBook-Pro-Apple.local', ip: 'fe80:0:0:0:42d:80b8:879e:8854%en0', os.name: 'Mac OS X', os.arch: 'x86_64', os.version: '10.15.6', java.version: '1.8.0_262'\nDriver info: driver.version: FirefoxDriver\n\tat org.openqa.selenium.firefox.FirefoxBinary.<init>(FirefoxBinary.java:116)\n\tat java.util.Optional.orElseGet(Optional.java:267)\n\tat org.openqa.selenium.firefox.FirefoxOptions.getBinary(FirefoxOptions.java:218)\n\tat org.openqa.selenium.firefox.FirefoxDriver.toExecutor(FirefoxDriver.java:155)\n\tat org.openqa.selenium.firefox.FirefoxDriver.<init>(FirefoxDriver.java:120)\n\tat com.codeborne.selenide.webdriver.FirefoxDriverFactory.createFirefoxDriver(FirefoxDriverFactory.java:31)\n\tat com.codeborne.selenide.webdriver.FirefoxDriverFactory.create(FirefoxDriverFactory.java:26)\n\tat com.codeborne.selenide.webdriver.WebDriverFactory.lambda$createWebDriver$0(WebDriverFactory.java:51)\n\tat java.util.Optional.map(Optional.java:215)\n\tat com.codeborne.selenide.webdriver.WebDriverFactory.createWebDriver(WebDriverFactory.java:51)\n\tat com.codeborne.selenide.impl.WebDriverThreadLocalContainer.createDriver(WebDriverThreadLocalContainer.java:227)\n\tat com.codeborne.selenide.impl.WebDriverThreadLocalContainer.getWebDriver(WebDriverThreadLocalContainer.java:96)\n\tat com.codeborne.selenide.WebDriverRunner.getWebDriver(WebDriverRunner.java:118)\n\tat utils.Hook.makeScreenshot(Hook.java:33)\n\tat utils.Hook.tearDown(Hook.java:26)\n\tat sun.reflect.NativeMethodAccessorImpl.invoke0(Native Method)\n\tat sun.reflect.NativeMethodAccessorImpl.invoke(NativeMethodAccessorImpl.java:62)\n\tat sun.reflect.DelegatingMethodAccessorImpl.invoke(DelegatingMethodAccessorImpl.java:43)\n\tat java.lang.reflect.Method.invoke(Method.java:498)\n\tat cucumber.runtime.Utils$1.call(Utils.java:40)\n\tat cucumber.runtime.Timeout.timeout(Timeout.java:16)\n\tat cucumber.runtime.Utils.invoke(Utils.java:34)\n\tat cucumber.runtime.java.JavaHookDefinition.execute(JavaHookDefinition.java:60)\n\tat cucumber.runtime.Runtime.runHookIfTagsMatch(Runtime.java:224)\n\tat cucumber.runtime.Runtime.runHooks(Runtime.java:212)\n\tat cucumber.runtime.Runtime.runAfterHooks(Runtime.java:206)\n\tat cucumber.runtime.model.CucumberScenario.run(CucumberScenario.java:46)\n\tat cucumber.runtime.junit.ExecutionUnitRunner.run(ExecutionUnitRunner.java:102)\n\tat org.junit.runners.Suite.runChild(Suite.java:128)\n\tat org.junit.runners.Suite.runChild(Suite.java:27)\n\tat org.junit.runners.ParentRunner$3.run(ParentRunner.java:290)\n\tat org.junit.runners.ParentRunner$1.schedule(ParentRunner.java:71)\n\tat org.junit.runners.ParentRunner.runChildren(ParentRunner.java:288)\n\tat org.junit.runners.ParentRunner.access$000(ParentRunner.java:58)\n\tat org.junit.runners.ParentRunner$2.evaluate(ParentRunner.java:268)\n\tat org.junit.runners.ParentRunner.run(ParentRunner.java:363)\n\tat cucumber.runtime.junit.ExamplesRunner.run(ExamplesRunner.java:59)\n\tat org.junit.runners.Suite.runChild(Suite.java:128)\n\tat org.junit.runners.Suite.runChild(Suite.java:27)\n\tat org.junit.runners.ParentRunner$3.run(ParentRunner.java:290)\n\tat org.junit.runners.ParentRunner$1.schedule(ParentRunner.java:71)\n\tat org.junit.runners.ParentRunner.runChildren(ParentRunner.java:288)\n\tat org.junit.runners.ParentRunner.access$000(ParentRunner.java:58)\n\tat org.junit.runners.ParentRunner$2.evaluate(ParentRunner.java:268)\n\tat org.junit.runners.ParentRunner.run(ParentRunner.java:363)\n\tat cucumber.runtime.junit.ScenarioOutlineRunner.run(ScenarioOutlineRunner.java:53)\n\tat cucumber.runtime.junit.FeatureRunner.runChild(FeatureRunner.java:63)\n\tat cucumber.runtime.junit.FeatureRunner.runChild(FeatureRunner.java:18)\n\tat org.junit.runners.ParentRunner$3.run(ParentRunner.java:290)\n\tat org.junit.runners.ParentRunner$1.schedule(ParentRunner.java:71)\n\tat org.junit.runners.ParentRunner.runChildren(ParentRunner.java:288)\n\tat org.junit.runners.ParentRunner.access$000(ParentRunner.java:58)\n\tat org.junit.runners.ParentRunner$2.evaluate(ParentRunner.java:268)\n\tat org.junit.runners.ParentRunner.run(ParentRunner.java:363)\n\tat cucumber.runtime.junit.FeatureRunner.run(FeatureRunner.java:70)\n\tat cucumber.api.junit.Cucumber.runChild(Cucumber.java:95)\n\tat cucumber.api.junit.Cucumber.runChild(Cucumber.java:38)\n\tat org.junit.runners.ParentRunner$3.run(ParentRunner.java:290)\n\tat org.junit.runners.ParentRunner$1.schedule(ParentRunner.java:71)\n\tat org.junit.runners.ParentRunner.runChildren(ParentRunner.java:288)\n\tat org.junit.runners.ParentRunner.access$000(ParentRunner.java:58)\n\tat org.junit.runners.ParentRunner$2.evaluate(ParentRunner.java:268)\n\tat org.junit.runners.ParentRunner.run(ParentRunner.java:363)\n\tat cucumber.api.junit.Cucumber.run(Cucumber.java:100)\n\tat org.junit.runner.JUnitCore.run(JUnitCore.java:137)\n\tat com.intellij.junit4.JUnit4IdeaTestRunner.startRunnerWithArgs(JUnit4IdeaTestRunner.java:68)\n\tat com.intellij.rt.junit.IdeaTestRunner$Repeater.startRunnerWithArgs(IdeaTestRunner.java:33)\n\tat com.intellij.rt.junit.JUnitStarter.prepareStreamsAndStart(JUnitStarter.java:230)\n\tat com.intellij.rt.junit.JUnitStarter.main(JUnitStarter.java:58)\n"},"stage":"finished","start":1595327162360,"stop":1595327162360}]}